<?xml version="1.0" encoding="UTF-8"?>
<!-- Generated by org.testng.reporters.JUnitXMLReporter -->
<testsuite ignored="0" hostname="LAPTOP-HOGPFNG0" failures="0" tests="3" name="Test" time="24.417" errors="0" timestamp="2025-05-16T14:03:50 EDT">
  <testcase classname="testNGPractice.lmGroupLogin" name="verify" time="7.493"/>
  <testcase classname="testNGPractice.lmGroupLogin" name="searchDemos" time="9.668"/>
  <testcase classname="testNGPractice.lmGroupLogin" name="logout" time="3.803"/>
</testsuite> <!-- Test -->
